/*C12*/SET SCHEMA PUBLIC
DISCONNECT
/*C14*/SET SCHEMA PUBLIC
DISCONNECT
/*C20*/SET SCHEMA PUBLIC
DISCONNECT
/*C22*/SET SCHEMA PUBLIC
DISCONNECT
/*C24*/SET SCHEMA PUBLIC
DISCONNECT
/*C26*/SET SCHEMA PUBLIC
DISCONNECT
/*C28*/SET SCHEMA PUBLIC
DISCONNECT
/*C30*/SET SCHEMA PUBLIC
INSERT INTO PATIENT VALUES(2,'a','a','a','a')
COMMIT
ALTER SEQUENCE PUBLIC.HIBERNATE_SEQUENCE RESTART WITH 3
DISCONNECT
/*C32*/SET SCHEMA PUBLIC
DISCONNECT
/*C34*/SET SCHEMA PUBLIC
DISCONNECT
/*C36*/SET SCHEMA PUBLIC
INSERT INTO DOCTOR VALUES(3,'a','a','a','a')
COMMIT
ALTER SEQUENCE PUBLIC.HIBERNATE_SEQUENCE RESTART WITH 4
DISCONNECT
/*C38*/SET SCHEMA PUBLIC
DISCONNECT
/*C40*/SET SCHEMA PUBLIC
DISCONNECT
/*C42*/SET SCHEMA PUBLIC
DISCONNECT
/*C44*/SET SCHEMA PUBLIC
DISCONNECT
/*C46*/SET SCHEMA PUBLIC
DISCONNECT
/*C48*/SET SCHEMA PUBLIC
INSERT INTO RECIPE VALUES(4,'2020-02-07','a','a','Normal',3,2)
COMMIT
ALTER SEQUENCE PUBLIC.HIBERNATE_SEQUENCE RESTART WITH 5
DISCONNECT
/*C50*/SET SCHEMA PUBLIC
DISCONNECT
/*C52*/SET SCHEMA PUBLIC
DISCONNECT
/*C54*/SET SCHEMA PUBLIC
DISCONNECT
